<?xml version="1.0" encoding="UTF-8"?>
<!-- Generated by org.testng.reporters.JUnitXMLReporter -->
<testsuite ignored="0" hostname="DESKTOP-PQE36GM" failures="0" tests="1" name="Test" time="9.473" errors="0" timestamp="19 Jun 2023 09:23:20 GMT">
  <testcase classname="achyuthacademy.basetest" name="@BeforeClass configure" time="9.424">
    <failure type="org.openqa.selenium.SessionNotCreatedException" message="Could not start a new session. Response code 500. Message: An unknown server-side error occurred while processing the command. Original error: Could not proxy command to the remote server. Original error: socket hang up 
Host info: host: &amp;apos;DESKTOP-PQE36GM&amp;apos;, ip: &amp;apos;192.168.0.109&amp;apos;
Build info: version: &amp;apos;4.10.0&amp;apos;, revision: &amp;apos;c14d967899&amp;apos;
System info: os.name: &amp;apos;Windows 11&amp;apos;, os.arch: &amp;apos;amd64&amp;apos;, os.version: &amp;apos;10.0&amp;apos;, java.version: &amp;apos;11.0.19&amp;apos;
Driver info: io.appium.java_client.android.AndroidDriver
Command: [null, newSession {capabilities=[{appium:deviceName=achyuth_avd2, platformName=ANDROID, appium:automationName=UIAutomator2, appium:app=C:\Users\DELL\eclipse-workspace\tests\src\test\java\resources\ApiDemos-debug.apk}], desiredCapabilities=Capabilities {appium:app: C:\Users\DELL\eclipse-works..., appium:automationName: UIAutomator2, appium:deviceName: achyuth_avd2, platformName: ANDROID}}]
Capabilities {appium:app: C:\Users\DELL\eclipse-works..., appium:automationName: UIAutomator2, appium:deviceName: achyuth_avd2, platformName: ANDROID}">
      <![CDATA[org.openqa.selenium.SessionNotCreatedException: Could not start a new session. Response code 500. Message: An unknown server-side error occurred while processing the command. Original error: Could not proxy command to the remote server. Original error: socket hang up 
Host info: host: 'DESKTOP-PQE36GM', ip: '192.168.0.109'
Build info: version: '4.10.0', revision: 'c14d967899'
System info: os.name: 'Windows 11', os.arch: 'amd64', os.version: '10.0', java.version: '11.0.19'
Driver info: io.appium.java_client.android.AndroidDriver
Command: [null, newSession {capabilities=[{appium:deviceName=achyuth_avd2, platformName=ANDROID, appium:automationName=UIAutomator2, appium:app=C:\Users\DELL\eclipse-workspace\tests\src\test\java\resources\ApiDemos-debug.apk}], desiredCapabilities=Capabilities {appium:app: C:\Users\DELL\eclipse-works..., appium:automationName: UIAutomator2, appium:deviceName: achyuth_avd2, platformName: ANDROID}}]
Capabilities {appium:app: C:\Users\DELL\eclipse-works..., appium:automationName: UIAutomator2, appium:deviceName: achyuth_avd2, platformName: ANDROID}
at org.openqa.selenium.remote.ProtocolHandshake.createSession(ProtocolHandshake.java:140)
at io.appium.java_client.remote.AppiumProtocolHandshake.createSession(AppiumProtocolHandshake.java:133)
at io.appium.java_client.remote.AppiumProtocolHandshake.createSession(AppiumProtocolHandshake.java:102)
at io.appium.java_client.remote.AppiumCommandExecutor.createSession(AppiumCommandExecutor.java:182)
at io.appium.java_client.remote.AppiumCommandExecutor.execute(AppiumCommandExecutor.java:250)
at org.openqa.selenium.remote.RemoteWebDriver.execute(RemoteWebDriver.java:531)
at io.appium.java_client.AppiumDriver.startSession(AppiumDriver.java:274)
at org.openqa.selenium.remote.RemoteWebDriver.<init>(RemoteWebDriver.java:154)
at io.appium.java_client.AppiumDriver.<init>(AppiumDriver.java:89)
at io.appium.java_client.AppiumDriver.<init>(AppiumDriver.java:101)
at io.appium.java_client.android.AndroidDriver.<init>(AndroidDriver.java:113)
at achyuthacademy.basetest.configure(basetest.java:35)
... Removed 30 stack frames]]>
    </failure>
  </testcase> <!-- @BeforeClass configure -->
  <testcase classname="achyuthacademy.basetest" name="@AfterClass teardown" time="0.0">
    <skipped/>
  </testcase> <!-- @AfterClass teardown -->
  <testcase classname="achyuthacademy.AppiumBasics" name="wifiSettingName" time="0.0">
    <skipped/>
  </testcase> <!-- wifiSettingName -->
</testsuite> <!-- Test -->
